<?xml version="1.0" encoding="UTF-8"?>
<!-- Generated by org.testng.reporters.JUnitReportReporter -->
<testsuite hostname="QSAOARK86368" failures="0" tests="3" name="com.sicredi.qa.AddProductTest" time="0.239" errors="0" timestamp="2025-08-06T17:59:40 BRT" skipped="0">
  <testcase classname="com.sicredi.qa.AddProductTest" name="adicionarProdutoComErro" time="0.112"/>
  <system-out/>
  <testcase classname="com.sicredi.qa.AddProductTest" name="listarProdutos" time="0.034"/>
  <system-out/>
  <testcase classname="com.sicredi.qa.AddProductTest" name="adicionarProdutoSucesso" time="0.093"/>
  <system-out/>
</testsuite> <!-- com.sicredi.qa.AddProductTest -->
