<?xml version="1.0" encoding="UTF-8"?>
<!-- Generated by org.testng.reporters.JUnitReportReporter -->
<testsuite hostname="QSAOARK86368" failures="0" tests="1" name="com.sicredi.qa.UsersTest" time="0.074" errors="0" timestamp="2025-08-06T17:59:40 BRT" skipped="0">
  <testcase classname="com.sicredi.qa.UsersTest" name="buscarUsuarios" time="0.074"/>
  <system-out/>
</testsuite> <!-- com.sicredi.qa.UsersTest -->
